<?xml version="1.0" encoding="UTF-8"?>
<!-- Generated by org.testng.reporters.JUnitReportReporter -->
<testsuite hostname="ERGODE-AN-61" failures="0" tests="4" name="Infinity.Name" time="0.009" errors="0" timestamp="2020-01-29T13:24:44 IST" skipped="0">
  <testcase classname="Infinity.Name" name="Animal" time="0.002"/>
  <testcase classname="Infinity.Name" name="Place" time="0.002"/>
  <testcase classname="Infinity.Name" name="Thing" time="0.002"/>
  <testcase classname="Infinity.Name" name="PrintName" time="0.003"/>
</testsuite> <!-- Infinity.Name -->
