<?xml version="1.0" encoding="UTF-8"?>
<!-- Generated by org.testng.reporters.JUnitReportReporter -->
<testsuite hostname="ERGODE-AN-61" failures="0" tests="1" name="Testcases.LoginPageTest" time="22.537" errors="0" timestamp="2020-01-29T15:08:12 IST" skipped="0">
  <testcase classname="Testcases.LoginPageTest" name="verifyHomePageURL" time="22.537"/>
</testsuite> <!-- Testcases.LoginPageTest -->
