<?xml version="1.0" encoding="UTF-8"?>
<!-- Generated by org.testng.reporters.JUnitReportReporter -->
<testsuite hostname="ERGODE-An-56" failures="0" tests="4" name="Testcases.Bikes" time="0.048" errors="0" timestamp="2020-03-11T10:14:07 IST" skipped="0">
  <testcase classname="Testcases.Bikes" name="FailTestCaseTry" time="0.023"/>
  <testcase classname="Testcases.Bikes" name="Honda" time="0.005"/>
  <testcase classname="Testcases.Bikes" name="Pulsar" time="0.015"/>
  <testcase classname="Testcases.Bikes" name="Yamaha" time="0.005"/>
</testsuite> <!-- Testcases.Bikes -->
