<?xml version="1.0" encoding="UTF-8"?>
<!-- Generated by org.testng.reporters.JUnitReportReporter -->
<testsuite hostname="ERGODE-An-56" failures="0" tests="4" name="Testcases.Name" time="0.057" errors="0" timestamp="2020-03-11T10:14:07 IST" skipped="0">
  <testcase classname="Testcases.Name" name="Animal" time="0.017"/>
  <testcase classname="Testcases.Name" name="Place" time="0.014"/>
  <testcase classname="Testcases.Name" name="Thing" time="0.016"/>
  <testcase classname="Testcases.Name" name="PrintName" time="0.010"/>
</testsuite> <!-- Testcases.Name -->
