<?xml version="1.0" encoding="UTF-8"?>
<!-- Generated by org.testng.reporters.JUnitReportReporter -->
<testsuite hostname="ERGODE-AN-61" failures="0" tests="4" name="Infinity.Avengers.Name" time="0.028" errors="0" timestamp="2020-01-28T17:40:51 IST" skipped="0">
  <testcase classname="Infinity.Avengers.Name" name="Place" time="0.004"/>
  <testcase classname="Infinity.Avengers.Name" name="Animal" time="0.020"/>
  <testcase classname="Infinity.Avengers.Name" name="Thing" time="0.002"/>
  <testcase classname="Infinity.Avengers.Name" name="PrintName" time="0.002"/>
</testsuite> <!-- Infinity.Avengers.Name -->
