<?xml version="1.0" encoding="UTF-8"?>
<!-- Generated by org.testng.reporters.JUnitReportReporter -->
<testsuite hostname="ERGODE-AN-61" failures="0" tests="3" name="Infinity.Bikes" time="0.047" errors="0" timestamp="2020-01-29T13:25:05 IST" skipped="0">
  <testcase classname="Infinity.Bikes" name="Honda" time="0.025"/>
  <testcase classname="Infinity.Bikes" name="Pulsar" time="0.020"/>
  <testcase classname="Infinity.Bikes" name="Yamaha" time="0.002"/>
</testsuite> <!-- Infinity.Bikes -->
