<?xml version="1.0" encoding="UTF-8"?>
<!-- Generated by org.testng.reporters.JUnitReportReporter -->
<testsuite hostname="ERGODE-An-56" failures="0" tests="3" name="Testcases.HomePageTest" time="4.461" errors="0" timestamp="2020-03-11T10:14:07 IST" skipped="0">
  <testcase classname="Testcases.HomePageTest" name="verifyHomePageURL" time="0.147"/>
  <testcase classname="Testcases.HomePageTest" name="verifyModulesName" time="3.917"/>
  <testcase classname="Testcases.HomePageTest" name="verifyHeaderText" time="0.397"/>
</testsuite> <!-- Testcases.HomePageTest -->
