<?xml version="1.0" encoding="UTF-8"?>
<!-- Generated by org.testng.reporters.JUnitReportReporter -->
<testsuite hostname="ERGODE-AN-61" failures="0" tests="3" name="Testcases.HomePageTest" time="1.436" errors="0" timestamp="6 Feb 2020 11:31:25 GMT">
  <testcase classname="Testcases.HomePageTest" name="verifyHeaderText" time="0.209"/>
  <testcase classname="Testcases.HomePageTest" name="verifyModulesName" time="1.211"/>
  <testcase classname="Testcases.HomePageTest" name="verifyHomePageURL" time="0.016"/>
</testsuite> <!-- Testcases.HomePageTest -->
