<?xml version="1.0" encoding="UTF-8"?>
<!-- Generated by org.testng.reporters.JUnitReportReporter -->
<testsuite hostname="ERGODE-AN-61" failures="0" tests="4" name="Testcases.Bikes" time="0.009" errors="0" timestamp="6 Feb 2020 11:31:25 GMT">
  <testcase classname="Testcases.Bikes" name="Pulsar" time="0.000"/>
  <testcase classname="Testcases.Bikes" name="FailTestCaseTry" time="0.005"/>
  <testcase classname="Testcases.Bikes" name="Yamaha" time="0.004"/>
  <testcase classname="Testcases.Bikes" name="Honda" time="0.000"/>
</testsuite> <!-- Testcases.Bikes -->
