<?xml version="1.0" encoding="UTF-8"?>
<!-- Generated by org.testng.reporters.JUnitReportReporter -->
<testsuite hostname="ERGODE-AN-61" failures="0" tests="4" name="Testcases.Name" time="0.007" errors="0" timestamp="6 Feb 2020 11:31:25 GMT">
  <testcase classname="Testcases.Name" name="Thing" time="0.000"/>
  <testcase classname="Testcases.Name" name="Place" time="0.001"/>
  <testcase classname="Testcases.Name" name="PrintName" time="0.006"/>
  <testcase classname="Testcases.Name" name="Animal" time="0.000"/>
</testsuite> <!-- Testcases.Name -->
